$ tsx watch nova-server.ts
⚠️  Wallet history on RPC node is incomplete (common for inactive wallets). Waiting for new active transactions...
⚠️  Wallet history on RPC node is incomplete (common for inactive wallets). Waiting for new active transactions...
⚠️  Wallet history on RPC node is incomplete (common for inactive wallets). Waiting for new active transactions...
⚠️  Wallet history on RPC node is incomplete (common for inactive wallets). Waiting for new active transactions...
⚠️  Wallet history on RPC node is incomplete (common for inactive wallets). Waiting for new active transactions...
⚠️  Wallet history on RPC node is incomplete (common for inactive wallets). Waiting for new active transactions...
⚠️  Wallet history on RPC node is incomplete (common for inactive wallets). Waiting for new active transactions...
⚠️  Wallet history on RPC node is incomplete (common for inactive wallets). Waiting for new active transactions...
Current RPC (Orbs) failed, attempting fallback...
Current RPC (Orbs) failed, attempting fallback...
Fallback OnFinality also failed
Fallback OnFinality also failed
⚠️  Wallet history on RPC node is incomplete (common for inactive wallets). Waiting for new active transactions...
⚠️  Wallet history on RPC node is incomplete (common for inactive wallets). Waiting for new active transactions...
⚠️  Wallet history on RPC node is incomplete (common for inactive wallets). Waiting for new active transactions...
⚠️  Wallet history on RPC node is incomplete (common for inactive wallets). Waiting for new active transactions...
⚠️  Wallet history on RPC node is incomplete (common for inactive wallets). Waiting for new active transactions...
⚠️  Wallet history on RPC node is incomplete (common for inactive wallets). Waiting for new active transactions...
[2025-12-08T23:52:09.582Z] [WARN] [auth-middleware] ⚠️ No initData provided {}
⚠️  Wallet history on RPC node is incomplete (common for inactive wallets). Waiting for new active transactions...
[2025-12-08T23:52:19.009Z] [WARN] [auth-middleware] ⚠️ No initData provided {}
⚠️  Wallet history on RPC node is incomplete (common for inactive wallets). Waiting for new active transactions...
⚠️  Wallet history on RPC node is incomplete (common for inactive wallets). Waiting for new active transactions...
⚠️  Wallet history on RPC node is incomplete (common for inactive wallets). Waiting for new active transactions...
⚠️  Wallet history on RPC node is incomplete (common for inactive wallets). Waiting for new active transactions...
⚠️  Wallet history on RPC node is incomplete (common for inactive wallets). Waiting for new active transactions...
⚠️  Wallet history on RPC node is incomplete (common for inactive wallets). Waiting for new active transactions...
[2025-12-08T23:53:18.716Z] [WARN] [auth-middleware] ⚠️ No initData provided {}
⚠️  Wallet history on RPC node is incomplete (common for inactive wallets). Waiting for new active transactions...
⚠️  Wallet history on RPC node is incomplete (common for inactive wallets). Waiting for new active transactions...
⚠️  Wallet history on RPC node is incomplete (common for inactive wallets). Waiting for new active transactions...
⚠️  Wallet history on RPC node is incomplete (common for inactive wallets). Waiting for new active transactions...
⚠️  Wallet history on RPC node is incomplete (common for inactive wallets). Waiting for new active transactions...
⚠️  Wallet history on RPC node is incomplete (common for inactive wallets). Waiting for new active transactions...
⚠️  Wallet history on RPC node is incomplete (common for inactive wallets). Waiting for new active transactions...
⚠️  Wallet history on RPC node is incomplete (common for inactive wallets). Waiting for new active transactions...
⚠️  Wallet history on RPC node is incomplete (common for inactive wallets). Waiting for new active transactions...
⚠️  Wallet history on RPC node is incomplete (common for inactive wallets). Waiting for new active transactions...
⚠️  Wallet history on RPC node is incomplete (common for inactive wallets). Waiting for new active transactions...
⚠️  Wallet history on RPC node is incomplete (common for inactive wallets). Waiting for new active transactions...
⚠️  Wallet history on RPC node is incomplete (common for inactive wallets). Waiting for new active transactions...
⚠️  Wallet history on RPC node is incomplete (common for inactive wallets). Waiting for new active transactions...
⚠️  Wallet history on RPC node is incomplete (common for inactive wallets). Waiting for new active transactions...
⚠️  Wallet history on RPC node is incomplete (common for inactive wallets). Waiting for new active transactions...
⚠️  Wallet history on RPC node is incomplete (common for inactive wallets). Waiting for new active transactions...
⚠️  Wallet history on RPC node is incomplete (common for inactive wallets). Waiting for new active transactions...
⚠️  Wallet history on RPC node is incomplete (common for inactive wallets). Waiting for new active transactions...
⚠️  Wallet history on RPC node is incomplete (common for inactive wallets). Waiting for new active transactions...
⚠️  Wallet history on RPC node is incomplete (common for inactive wallets). Waiting for new active transactions...
⚠️  Wallet history on RPC node is incomplete (common for inactive wallets). Waiting for new active transactions...
⚠️  Wallet history on RPC node is incomplete (common for inactive wallets). Waiting for new active transactions...
⚠️  Wallet history on RPC node is incomplete (common for inactive wallets). Waiting for new active transactions...
⚠️  Wallet history on RPC node is incomplete (common for inactive wallets). Waiting for new active transactions...
⚠️  Wallet history on RPC node is incomplete (common for inactive wallets). Waiting for new active transactions...
⚠️  Wallet history on RPC node is incomplete (common for inactive wallets). Waiting for new active transactions...
⚠️  Wallet history on RPC node is incomplete (common for inactive wallets). Waiting for new active transactions...
⚠️  Wallet history on RPC node is incomplete (common for inactive wallets). Waiting for new active transactions...
⚠️  Wallet history on RPC node is incomplete (common for inactive wallets). Waiting for new active transactions...
⚠️  Wallet history on RPC node is incomplete (common for inactive wallets). Waiting for new active transactions...
⚠️  Wallet history on RPC node is incomplete (common for inactive wallets). Waiting for new active transactions...
⚠️  Wallet history on RPC node is incomplete (common for inactive wallets). Waiting for new active transactions...
⚠️  Wallet history on RPC node is incomplete (common for inactive wallets). Waiting for new active transactions...
⚠️  Wallet history on RPC node is incomplete (common for inactive wallets). Waiting for new active transactions...
⚠️  Wallet history on RPC node is incomplete (common for inactive wallets). Waiting for new active transactions...
⚠️  Wallet history on RPC node is incomplete (common for inactive wallets). Waiting for new active transactions...
⚠️  Wallet history on RPC node is incomplete (common for inactive wallets). Waiting for new active transactions...
⚠️  Wallet history on RPC node is incomplete (common for inactive wallets). Waiting for new active transactions...
⚠️  Wallet history on RPC node is incomplete (common for inactive wallets). Waiting for new active transactions...
⚠️  Wallet history on RPC node is incomplete (common for inactive wallets). Waiting for new active transactions...
⚠️  Wallet history on RPC node is incomplete (common for inactive wallets). Waiting for new active transactions...
⚠️  Wallet history on RPC node is incomplete (common for inactive wallets). Waiting for new active transactions...
⚠️  Wallet history on RPC node is incomplete (common for inactive wallets). Waiting for new active transactions...
⚠️  Wallet history on RPC node is incomplete (common for inactive wallets). Waiting for new active transactions...
⚠️  Wallet history on RPC node is incomplete (common for inactive wallets). Waiting for new active transactions...
⚠️  Wallet history on RPC node is incomplete (common for inactive wallets). Waiting for new active transactions...
⚠️  Wallet history on RPC node is incomplete (common for inactive wallets). Waiting for new active transactions...
⚠️  Wallet history on RPC node is incomplete (common for inactive wallets). Waiting for new active transactions...
⚠️  Wallet history on RPC node is incomplete (common for inactive wallets). Waiting for new active transactions...
⚠️  Wallet history on RPC node is incomplete (common for inactive wallets). Waiting for new active transactions...
⚠️  Wallet history on RPC node is incomplete (common for inactive wallets). Waiting for new active transactions...
⚠️  Wallet history on RPC node is incomplete (common for inactive wallets). Waiting for new active transactions...
⚠️  Wallet history on RPC node is incomplete (common for inactive wallets). Waiting for new active transactions...
⚠️  Wallet history on RPC node is incomplete (common for inactive wallets). Waiting for new active transactions...
⚠️  Wallet history on RPC node is incomplete (common for inactive wallets). Waiting for new active transactions...
⚠️  Wallet history on RPC node is incomplete (common for inactive wallets). Waiting for new active transactions...
⚠️  Wallet history on RPC node is incomplete (common for inactive wallets). Waiting for new active transactions...
⚠️  Wallet history on RPC node is incomplete (common for inactive wallets). Waiting for new active transactions...
⚠️  Wallet history on RPC node is incomplete (common for inactive wallets). Waiting for new active transactions...
⚠️  Wallet history on RPC node is incomplete (common for inactive wallets). Waiting for new active transactions...
⚠️  Wallet history on RPC node is incomplete (common for inactive wallets). Waiting for new active transactions...
⚠️  Wallet history on RPC node is incomplete (common for inactive wallets). Waiting for new active transactions...
⚠️  Wallet history on RPC node is incomplete (common for inactive wallets). Waiting for new active transactions...
⚠️  Wallet history on RPC node is incomplete (common for inactive wallets). Waiting for new active transactions...
⚠️  Wallet history on RPC node is incomplete (common for inactive wallets). Waiting for new active transactions...
⚠️  Wallet history on RPC node is incomplete (common for inactive wallets). Waiting for new active transactions...
⚠️  Wallet history on RPC node is incomplete (common for inactive wallets). Waiting for new active transactions...
⚠️  Wallet history on RPC node is incomplete (common for inactive wallets). Waiting for new active transactions...
⚠️  Wallet history on RPC node is incomplete (common for inactive wallets). Waiting for new active transactions...
⚠️  Wallet history on RPC node is incomplete (common for inactive wallets). Waiting for new active transactions...
⚠️  Wallet history on RPC node is incomplete (common for inactive wallets). Waiting for new active transactions...
⚠️  Wallet history on RPC node is incomplete (common for inactive wallets). Waiting for new active transactions...
⚠️  Wallet history on RPC node is incomplete (common for inactive wallets). Waiting for new active transactions...
⚠️  Wallet history on RPC node is incomplete (common for inactive wallets). Waiting for new active transactions...
⚠️  Wallet history on RPC node is incomplete (common for inactive wallets). Waiting for new active transactions...
⚠️  Wallet history on RPC node is incomplete (common for inactive wallets). Waiting for new active transactions...
⚠️  Wallet history on RPC node is incomplete (common for inactive wallets). Waiting for new active transactions...
⚠️  Wallet history on RPC node is incomplete (common for inactive wallets). Waiting for new active transactions...
⚠️  Wallet history on RPC node is incomplete (common for inactive wallets). Waiting for new active transactions...
⚠️  Wallet history on RPC node is incomplete (common for inactive wallets). Waiting for new active transactions...
⚠️  Wallet history on RPC node is incomplete (common for inactive wallets). Waiting for new active transactions...
⚠️  Wallet history on RPC node is incomplete (common for inactive wallets). Waiting for new active transactions...
⚠️  Wallet history on RPC node is incomplete (common for inactive wallets). Waiting for new active transactions...
⚠️  Wallet history on RPC node is incomplete (common for inactive wallets). Waiting for new active transactions...
⚠️  Wallet history on RPC node is incomplete (common for inactive wallets). Waiting for new active transactions...
⚠️  Wallet history on RPC node is incomplete (common for inactive wallets). Waiting for new active transactions...
⚠️  Wallet history on RPC node is incomplete (common for inactive wallets). Waiting for new active transactions...
⚠️  Wallet history on RPC node is incomplete (common for inactive wallets). Waiting for new active transactions...
⚠️  Wallet history on RPC node is incomplete (common for inactive wallets). Waiting for new active transactions...
⚠️  Wallet history on RPC node is incomplete (common for inactive wallets). Waiting for new active transactions...
⚠️  Wallet history on RPC node is incomplete (common for inactive wallets). Waiting for new active transactions...
⚠️  Wallet history on RPC node is incomplete (common for inactive wallets). Waiting for new active transactions...
⚠️  Wallet history on RPC node is incomplete (common for inactive wallets). Waiting for new active transactions...
⚠️  Wallet history on RPC node is incomplete (common for inactive wallets). Waiting for new active transactions...
⚠️  Wallet history on RPC node is incomplete (common for inactive wallets). Waiting for new active transactions...
⚠️  Wallet history on RPC node is incomplete (common for inactive wallets). Waiting for new active transactions...
⚠️  Wallet history on RPC node is incomplete (common for inactive wallets). Waiting for new active transactions...
⚠️  Wallet history on RPC node is incomplete (common for inactive wallets). Waiting for new active transactions...
⚠️  Wallet history on RPC node is incomplete (common for inactive wallets). Waiting for new active transactions...
⚠️  Wallet history on RPC node is incomplete (common for inactive wallets). Waiting for new active transactions...
⚠️  Wallet history on RPC node is incomplete (common for inactive wallets). Waiting for new active transactions...
⚠️  Wallet history on RPC node is incomplete (common for inactive wallets). Waiting for new active transactions...
⚠️  Wallet history on RPC node is incomplete (common for inactive wallets). Waiting for new active transactions...
⚠️  Wallet history on RPC node is incomplete (common for inactive wallets). Waiting for new active transactions...
⚠️  Wallet history on RPC node is incomplete (common for inactive wallets). Waiting for new active transactions...
⚠️  Wallet history on RPC node is incomplete (common for inactive wallets). Waiting for new active transactions...
⚠️  Wallet history on RPC node is incomplete (common for inactive wallets). Waiting for new active transactions...
⚠️  Wallet history on RPC node is incomplete (common for inactive wallets). Waiting for new active transactions...
⚠️  Wallet history on RPC node is incomplete (common for inactive wallets). Waiting for new active transactions...
⚠️  Wallet history on RPC node is incomplete (common for inactive wallets). Waiting for new active transactions...
⚠️  Wallet history on RPC node is incomplete (common for inactive wallets). Waiting for new active transactions...
⚠️  Wallet history on RPC node is incomplete (common for inactive wallets). Waiting for new active transactions...
⚠️  Wallet history on RPC node is incomplete (common for inactive wallets). Waiting for new active transactions...
⚠️  Wallet history on RPC node is incomplete (common for inactive wallets). Waiting for new active transactions...
⚠️  Wallet history on RPC node is incomplete (common for inactive wallets). Waiting for new active transactions...
⚠️  Wallet history on RPC node is incomplete (common for inactive wallets). Waiting for new active transactions...
⚠️  Wallet history on RPC node is incomplete (common for inactive wallets). Waiting for new active transactions...
⚠️  Wallet history on RPC node is incomplete (common for inactive wallets). Waiting for new active transactions...
⚠️  Wallet history on RPC node is incomplete (common for inactive wallets). Waiting for new active transactions...
⚠️  Wallet history on RPC node is incomplete (common for inactive wallets). Waiting for new active transactions...
⚠️  Wallet history on RPC node is incomplete (common for inactive wallets). Waiting for new active transactions...
⚠️  Wallet history on RPC node is incomplete (common for inactive wallets). Waiting for new active transactions...
⚠️  Wallet history on RPC node is incomplete (common for inactive wallets). Waiting for new active transactions...
⚠️  Wallet history on RPC node is incomplete (common for inactive wallets). Waiting for new active transactions...
⚠️  Wallet history on RPC node is incomplete (common for inactive wallets). Waiting for new active transactions...
⚠️  Wallet history on RPC node is incomplete (common for inactive wallets). Waiting for new active transactions...
⚠️  Wallet history on RPC node is incomplete (common for inactive wallets). Waiting for new active transactions...
⚠️  Wallet history on RPC node is incomplete (common for inactive wallets). Waiting for new active transactions...
⚠️  Wallet history on RPC node is incomplete (common for inactive wallets). Waiting for new active transactions...
⚠️  Wallet history on RPC node is incomplete (common for inactive wallets). Waiting for new active transactions...
[2025-12-09T00:15:00.941Z] [WARN] [auth-middleware] ⚠️ No initData provided {}
⚠️  Wallet history on RPC node is incomplete (common for inactive wallets). Waiting for new active transactions...
⚠️  Wallet history on RPC node is incomplete (common for inactive wallets). Waiting for new active transactions...
⚠️  Wallet history on RPC node is incomplete (common for inactive wallets). Waiting for new active transactions...
⚠️  Wallet history on RPC node is incomplete (common for inactive wallets). Waiting for new active transactions...
⚠️  Wallet history on RPC node is incomplete (common for inactive wallets). Waiting for new active transactions...
⚠️  Wallet history on RPC node is incomplete (common for inactive wallets). Waiting for new active transactions...
⚠️  Wallet history on RPC node is incomplete (common for inactive wallets). Waiting for new active transactions...
⚠️  Wallet history on RPC node is incomplete (common for inactive wallets). Waiting for new active transactions...
⚠️  Wallet history on RPC node is incomplete (common for inactive wallets). Waiting for new active transactions...
⚠️  Wallet history on RPC node is incomplete (common for inactive wallets). Waiting for new active transactions...
[2025-12-09T00:16:46.849Z] [WARN] [auth-middleware] ⚠️ No initData provided {}
⚠️  Wallet history on RPC node is incomplete (common for inactive wallets). Waiting for new active transactions...
⚠️  Wallet history on RPC node is incomplete (common for inactive wallets). Waiting for new active transactions...
